08/Sep/2015 15:06:11,845- WebTestContextBootstrapper: Loaded default TestExecutionListener class names from location [META-INF/spring.factories]: [org.springframework.test.context.web.ServletTestExecutionListener, org.springframework.test.context.support.DependencyInjectionTestExecutionListener, org.springframework.test.context.support.DirtiesContextTestExecutionListener, org.springframework.test.context.transaction.TransactionalTestExecutionListener, org.springframework.test.context.jdbc.SqlScriptsTestExecutionListener]
08/Sep/2015 15:06:11,881- WebTestContextBootstrapper: Using TestExecutionListeners: [org.springframework.test.context.web.ServletTestExecutionListener@458be695, org.springframework.test.context.support.DependencyInjectionTestExecutionListener@63cf63de, org.springframework.test.context.support.DirtiesContextTestExecutionListener@44a5b703, org.springframework.test.context.transaction.TransactionalTestExecutionListener@5b92492a, org.springframework.test.context.jdbc.SqlScriptsTestExecutionListener@6101935d]
08/Sep/2015 15:06:11,981- XmlBeanDefinitionReader: Loading XML bean definitions from class path resource [unit-test-context/test-context.xml]
08/Sep/2015 15:06:12,397- DefaultListableBeanFactory: Overriding bean definition for bean 'userAccountService': replacing [Generic bean: class [com.softserveinc.orphanagemenu.service.UserAccountServiceImpl]; scope=singleton; abstract=false; lazyInit=false; autowireMode=0; dependencyCheck=0; autowireCandidate=true; primary=false; factoryBeanName=null; factoryMethodName=null; initMethodName=null; destroyMethodName=null; defined in file [C:\Users\vkokhtc\git\Ch-032\target\classes\com\softserveinc\orphanagemenu\service\UserAccountServiceImpl.class]] with [Generic bean: class [org.mockito.Mockito]; scope=; abstract=false; lazyInit=false; autowireMode=0; dependencyCheck=0; autowireCandidate=true; primary=false; factoryBeanName=null; factoryMethodName=mock; initMethodName=null; destroyMethodName=null; defined in class path resource [unit-test-context/test-context.xml]]
08/Sep/2015 15:06:12,397- XmlBeanDefinitionReader: Loading XML bean definitions from class path resource [unit-test-context/dispatcher-servlet.xml]
08/Sep/2015 15:06:12,498- XmlBeanDefinitionReader: Loading XML bean definitions from class path resource [unit-test-context/tiles-context.xml]
08/Sep/2015 15:06:12,516- XmlBeanDefinitionReader: Loading XML bean definitions from class path resource [unit-test-context/i18n-context.xml]
08/Sep/2015 15:06:12,556- GenericWebApplicationContext: Refreshing org.springframework.web.context.support.GenericWebApplicationContext@705ffe55: startup date [Tue Sep 08 15:06:12 EEST 2015]; root of context hierarchy
08/Sep/2015 15:06:12,953- DriverManagerDataSource: Loaded JDBC driver: org.postgresql.Driver
08/Sep/2015 15:06:13,006- LocalContainerEntityManagerFactoryBean: Building JPA container EntityManagerFactory for persistence unit 'orphanagemenuPU'
08/Sep/2015 15:06:13,029- LogHelper: HHH000204: Processing PersistenceUnitInfo [
	name: orphanagemenuPU
	...]
08/Sep/2015 15:06:13,090- Version: HHH000412: Hibernate Core {4.3.10.Final}
08/Sep/2015 15:06:13,091- Environment: HHH000206: hibernate.properties not found
08/Sep/2015 15:06:13,092- Environment: HHH000021: Bytecode provider name : javassist
08/Sep/2015 15:06:13,277- Version: HCANN000001: Hibernate Commons Annotations {4.0.5.Final}
08/Sep/2015 15:06:13,378- JdbcServicesImpl: HHH000342: Could not obtain connection to query metadata : FATAL: database "test" does not exist
08/Sep/2015 15:06:13,385- Dialect: HHH000400: Using dialect: org.hibernate.dialect.PostgreSQLDialect
08/Sep/2015 15:06:13,391- LobCreatorBuilder: HHH000422: Disabling contextual LOB creation as connection was null
08/Sep/2015 15:06:13,524- ASTQueryTranslatorFactory: HHH000397: Using ASTQueryTranslatorFactory
08/Sep/2015 15:06:13,575- Version: HV000001: Hibernate Validator 5.0.1.Final
08/Sep/2015 15:06:14,542- SimpleUrlHandlerMapping: Mapped URL path [/resources/**] onto handler 'org.springframework.web.servlet.resource.ResourceHttpRequestHandler#0'
08/Sep/2015 15:06:14,557- SimpleUrlHandlerMapping: Mapped URL path [/webjars/**] onto handler 'org.springframework.web.servlet.resource.ResourceHttpRequestHandler#1'
08/Sep/2015 15:06:14,588- RequestMappingHandlerMapping: Mapped "{[/dailyMenu—reateByTemplate]}" onto public java.lang.String com.softserveinc.orphanagemenu.controller.DailyMenuController.createByTemplate(java.util.Map<java.lang.String, java.lang.Object>,java.lang.String,java.lang.String)
08/Sep/2015 15:06:14,588- RequestMappingHandlerMapping: Mapped "{[/ || /dailyMenus]}" onto public java.lang.String com.softserveinc.orphanagemenu.controller.DailyMenuController.showDailyMenus(java.util.Map<java.lang.String, java.lang.String>,java.util.Map<java.lang.String, java.lang.Object>,com.softserveinc.orphanagemenu.forms.SelectForm,org.springframework.validation.BindingResult)
08/Sep/2015 15:06:14,589- RequestMappingHandlerMapping: Mapped "{[/dailyMenuUpdate]}" onto public java.lang.String com.softserveinc.orphanagemenu.controller.DailyMenuController.editDailyMenu(java.util.Map<java.lang.String, java.lang.Object>,java.lang.String,org.springframework.ui.Model,com.softserveinc.orphanagemenu.forms.SelectForm,org.springframework.validation.BindingResult)
08/Sep/2015 15:06:14,589- RequestMappingHandlerMapping: Mapped "{[/dailyMenuPreview]}" onto public java.lang.String com.softserveinc.orphanagemenu.controller.DailyMenuController.dailyMenuPreview(java.util.Map<java.lang.String, java.lang.Object>,java.lang.Long)
08/Sep/2015 15:06:14,589- RequestMappingHandlerMapping: Mapped "{[/dailyMenuPrint]}" onto public java.lang.String com.softserveinc.orphanagemenu.controller.DailyMenuController.dailyMenuPrint(java.util.Map<java.lang.String, java.lang.Object>,java.lang.Long)
08/Sep/2015 15:06:14,590- RequestMappingHandlerMapping: Mapped "{[/selectDate]}" onto public java.lang.String com.softserveinc.orphanagemenu.controller.DailyMenuController.showDatapicker(java.util.Map<java.lang.String, java.lang.Object>,java.lang.String,java.lang.String)
08/Sep/2015 15:06:14,590- RequestMappingHandlerMapping: Mapped "{[/dailyMenuAdd]}" onto public java.lang.String com.softserveinc.orphanagemenu.controller.DailyMenuController.dailyMenuAdd(java.lang.String,java.util.Map<java.lang.String, java.lang.Object>)
08/Sep/2015 15:06:14,590- RequestMappingHandlerMapping: Mapped "{[/dailyMenuDelete]}" onto public java.lang.String com.softserveinc.orphanagemenu.controller.DailyMenuController.testMenus(org.springframework.web.servlet.mvc.support.RedirectAttributes,java.lang.Long,java.lang.String)
08/Sep/2015 15:06:14,590- RequestMappingHandlerMapping: Mapped "{[/editMenu]}" onto public java.lang.String com.softserveinc.orphanagemenu.controller.DailyMenuController.editMenu(java.util.Map<java.lang.String, java.lang.Object>)
08/Sep/2015 15:06:14,590- RequestMappingHandlerMapping: Mapped "{[/redirect]}" onto public java.lang.String com.softserveinc.orphanagemenu.controller.DailyMenuController.redirect(com.softserveinc.orphanagemenu.forms.SelectForm,org.springframework.validation.BindingResult)
08/Sep/2015 15:06:14,595- RequestMappingHandlerMapping: Mapped "{[/updateDish]}" onto public java.lang.String com.softserveinc.orphanagemenu.controller.DishController.updateDish(org.springframework.web.servlet.mvc.support.RedirectAttributes,java.util.Map<java.lang.String, java.lang.Object>,java.util.Map<java.lang.String, java.lang.String>,com.softserveinc.orphanagemenu.forms.DishForm,org.springframework.validation.BindingResult)
08/Sep/2015 15:06:14,596- RequestMappingHandlerMapping: Mapped "{[/addcomponent],methods=[POST],consumes=[application/json]}" onto public java.lang.String com.softserveinc.orphanagemenu.controller.DishController.createDishNameFromJson(com.softserveinc.orphanagemenu.json.DishNameJson,java.util.Map<java.lang.String, java.lang.Object>)
08/Sep/2015 15:06:14,596- RequestMappingHandlerMapping: Mapped "{[/editDish],methods=[GET]}" onto public org.springframework.web.servlet.ModelAndView com.softserveinc.orphanagemenu.controller.DishController.edit(org.springframework.web.servlet.mvc.support.RedirectAttributes,java.util.Map<java.lang.String, java.lang.String>,java.util.Map<java.lang.String, java.lang.Object>,com.softserveinc.orphanagemenu.forms.DishForm,org.springframework.validation.BindingResult) throws java.io.IOException
08/Sep/2015 15:06:14,596- RequestMappingHandlerMapping: Mapped "{[/dishlist || /dishAvailable]}" onto public java.lang.String com.softserveinc.orphanagemenu.controller.DishController.getList(org.springframework.ui.Model,java.util.Map<java.lang.String, java.lang.Object>,com.softserveinc.orphanagemenu.forms.DishForm)
08/Sep/2015 15:06:14,597- RequestMappingHandlerMapping: Mapped "{[/addcomponent],methods=[GET]}" onto public java.lang.String com.softserveinc.orphanagemenu.controller.DishController.saveDish(com.softserveinc.orphanagemenu.forms.DishForm,java.util.Map<java.lang.String, java.lang.Object>)
08/Sep/2015 15:06:14,597- RequestMappingHandlerMapping: Mapped "{[/addcomponents],methods=[POST],consumes=[application/json]}" onto public org.springframework.web.servlet.ModelAndView com.softserveinc.orphanagemenu.controller.DishController.addComp(com.softserveinc.orphanagemenu.json.DishResponseBody,java.util.Map<java.lang.String, java.lang.Object>,com.softserveinc.orphanagemenu.forms.DishForm)
08/Sep/2015 15:06:14,597- RequestMappingHandlerMapping: Mapped "{[/editModal],methods=[GET]}" onto public org.springframework.web.servlet.ModelAndView com.softserveinc.orphanagemenu.controller.DishController.editModal(org.springframework.web.servlet.mvc.support.RedirectAttributes,java.util.Map<java.lang.String, java.lang.String>,com.softserveinc.orphanagemenu.forms.DishForm,java.util.Map<java.lang.String, java.lang.Object>,java.util.Map<java.lang.String, java.lang.Object>) throws java.io.IOException
08/Sep/2015 15:06:14,598- RequestMappingHandlerMapping: Mapped "{[/login]}" onto public java.lang.String com.softserveinc.orphanagemenu.controller.HomeController.showLoginPage(java.util.Map<java.lang.String, java.lang.String>,java.util.Map<java.lang.String, java.lang.Object>)
08/Sep/2015 15:06:14,599- RequestMappingHandlerMapping: Mapped "{[/editProduct]}" onto public java.lang.String com.softserveinc.orphanagemenu.controller.ProductController.product(java.util.Map<java.lang.String, java.lang.String>,java.util.Map<java.lang.String, java.lang.Object>)
08/Sep/2015 15:06:14,599- RequestMappingHandlerMapping: Mapped "{[/productsSearch]}" onto public org.springframework.web.servlet.ModelAndView com.softserveinc.orphanagemenu.controller.ProductController.showProductsByNames(java.lang.String,java.lang.Integer)
08/Sep/2015 15:06:14,599- RequestMappingHandlerMapping: Mapped "{[/saveProduct],methods=[POST]}" onto public java.lang.String com.softserveinc.orphanagemenu.controller.ProductController.saveProduct(org.springframework.web.servlet.mvc.support.RedirectAttributes,java.util.Map<java.lang.String, java.lang.String>,java.util.Map<java.lang.String, java.lang.Object>,com.softserveinc.orphanagemenu.forms.ProductForm,org.springframework.validation.BindingResult)
08/Sep/2015 15:06:14,599- RequestMappingHandlerMapping: Mapped "{[/products]}" onto public java.lang.String com.softserveinc.orphanagemenu.controller.ProductController.getList(org.springframework.ui.Model,java.lang.Integer)
08/Sep/2015 15:06:14,600- RequestMappingHandlerMapping: Mapped "{[/addProduct]}" onto public java.lang.String com.softserveinc.orphanagemenu.controller.ProductController.addProduct(java.util.Map<java.lang.String, java.lang.Object>)
08/Sep/2015 15:06:14,602- RequestMappingHandlerMapping: Mapped "{[/getStandartComponentQuantity]}" onto public java.lang.String com.softserveinc.orphanagemenu.controller.SubmenuController.returnStandartComponentQuantity(java.util.Map<java.lang.String, java.lang.Object>,java.util.Map<java.lang.String, java.lang.String>,com.softserveinc.orphanagemenu.forms.FactProductsQuantityForm)
08/Sep/2015 15:06:14,602- RequestMappingHandlerMapping: Mapped "{[/saveFactProductQuantity]}" onto public java.lang.String com.softserveinc.orphanagemenu.controller.SubmenuController.saveFactProductQuantity(java.util.Map<java.lang.String, java.lang.Object>,java.lang.String,com.softserveinc.orphanagemenu.forms.FactProductsQuantityForm,org.springframework.validation.BindingResult)
08/Sep/2015 15:06:14,602- RequestMappingHandlerMapping: Mapped "{[/editFactProductsQuantity]}" onto public java.lang.String com.softserveinc.orphanagemenu.controller.SubmenuController.editFactProductssQuantity(java.util.Map<java.lang.String, java.lang.Object>,java.util.Map<java.lang.Long, java.lang.String>)
08/Sep/2015 15:06:14,602- RequestMappingHandlerMapping: Mapped "{[/submenuEdit]}" onto public org.springframework.web.servlet.ModelAndView com.softserveinc.orphanagemenu.controller.SubmenuController.showSubmenuEdit(java.lang.Long,java.lang.Long,java.lang.String)
08/Sep/2015 15:06:14,603- RequestMappingHandlerMapping: Mapped "{[/submenuEditAddDish]}" onto public org.springframework.web.servlet.ModelAndView com.softserveinc.orphanagemenu.controller.SubmenuController.addDishToSubmenu(java.lang.Long,java.lang.Long,java.lang.Long)
08/Sep/2015 15:06:14,603- RequestMappingHandlerMapping: Mapped "{[/submenuEditDeleteDish]}" onto public org.springframework.web.servlet.ModelAndView com.softserveinc.orphanagemenu.controller.SubmenuController.removeDishFromSubmenu(java.lang.Long,java.lang.Long,java.lang.Long)
08/Sep/2015 15:06:14,603- RequestMappingHandlerMapping: Mapped "{[/submenuEditSaveChild]}" onto public org.springframework.web.servlet.ModelAndView com.softserveinc.orphanagemenu.controller.SubmenuController.saveChildsToSubmenuList(java.lang.Long,java.lang.Long,java.util.Map<java.lang.String, java.lang.String>)
08/Sep/2015 15:06:14,604- RequestMappingHandlerMapping: Mapped "{[/userAccountList]}" onto public org.springframework.web.servlet.ModelAndView com.softserveinc.orphanagemenu.controller.UserAccountController.showAllUserAccounts()
08/Sep/2015 15:06:14,604- RequestMappingHandlerMapping: Mapped "{[/userAccountDelete],methods=[GET]}" onto public java.lang.String com.softserveinc.orphanagemenu.controller.UserAccountController.deleteUserAccount(org.springframework.web.servlet.mvc.support.RedirectAttributes,java.lang.Long,java.util.Map<java.lang.String, java.lang.Object>)
08/Sep/2015 15:06:14,605- RequestMappingHandlerMapping: Mapped "{[/userAccountSave],methods=[POST]}" onto public java.lang.String com.softserveinc.orphanagemenu.controller.UserAccountController.saveUserAccount(org.springframework.web.servlet.mvc.support.RedirectAttributes,java.util.Map<java.lang.String, java.lang.String>,java.util.Map<java.lang.String, java.lang.Object>,com.softserveinc.orphanagemenu.forms.UserAccountForm,org.springframework.validation.BindingResult)
08/Sep/2015 15:06:14,605- RequestMappingHandlerMapping: Mapped "{[/userAccountCreate],methods=[GET]}" onto public java.lang.String com.softserveinc.orphanagemenu.controller.UserAccountController.showUserAccountCreate(java.util.Map<java.lang.String, java.lang.String>,java.util.Map<java.lang.String, java.lang.Object>)
08/Sep/2015 15:06:14,605- RequestMappingHandlerMapping: Mapped "{[/userAccountEdit],methods=[GET]}" onto public java.lang.String com.softserveinc.orphanagemenu.controller.UserAccountController.showUserAccountEdit(java.util.Map<java.lang.String, java.lang.String>,java.util.Map<java.lang.String, java.lang.Object>)
08/Sep/2015 15:06:14,607- RequestMappingHandlerMapping: Mapped "{[/warehouse/*]}" onto public org.springframework.web.servlet.ModelAndView com.softserveinc.orphanagemenu.controller.WarehouseController.showWarehouse()
08/Sep/2015 15:06:14,607- RequestMappingHandlerMapping: Mapped "{[/warehouse]}" onto public org.springframework.web.servlet.ModelAndView com.softserveinc.orphanagemenu.controller.WarehouseController.showWarehouse(java.lang.Integer)
08/Sep/2015 15:06:14,607- RequestMappingHandlerMapping: Mapped "{[/warehouseSearch]}" onto public org.springframework.web.servlet.ModelAndView com.softserveinc.orphanagemenu.controller.WarehouseController.showWarehouseByNames(java.lang.String,java.lang.Integer)
08/Sep/2015 15:06:14,607- RequestMappingHandlerMapping: Mapped "{[/warehouseSaveAndAdd],methods=[POST]}" onto public org.springframework.web.servlet.ModelAndView com.softserveinc.orphanagemenu.controller.WarehouseController.saveItemAndAdd(org.springframework.web.servlet.mvc.support.RedirectAttributes,com.softserveinc.orphanagemenu.forms.WarehouseItemForm,org.springframework.validation.BindingResult)
08/Sep/2015 15:06:14,607- RequestMappingHandlerMapping: Mapped "{[/warehouseSave],methods=[POST]}" onto public org.springframework.web.servlet.ModelAndView com.softserveinc.orphanagemenu.controller.WarehouseController.saveItem(org.springframework.web.servlet.mvc.support.RedirectAttributes,com.softserveinc.orphanagemenu.forms.WarehouseItemForm,org.springframework.validation.BindingResult)
08/Sep/2015 15:06:14,608- RequestMappingHandlerMapping: Mapped "{[/warehouseEdit]}" onto public org.springframework.web.servlet.ModelAndView com.softserveinc.orphanagemenu.controller.WarehouseController.editItem(java.lang.Long)
08/Sep/2015 15:06:14,777- RequestMappingHandlerAdapter: Looking for @ControllerAdvice: org.springframework.web.context.support.GenericWebApplicationContext@705ffe55: startup date [Tue Sep 08 15:06:12 EEST 2015]; root of context hierarchy
08/Sep/2015 15:06:14,841- RequestMappingHandlerAdapter: Looking for @ControllerAdvice: org.springframework.web.context.support.GenericWebApplicationContext@705ffe55: startup date [Tue Sep 08 15:06:12 EEST 2015]; root of context hierarchy
08/Sep/2015 15:06:15,007- TilesAccess: Publishing TilesContext for context: org.springframework.web.servlet.view.tiles3.SpringWildcardServletTilesApplicationContext
08/Sep/2015 15:06:15,062- MockServletContext: Initializing Spring FrameworkServlet ''
08/Sep/2015 15:06:15,062- TestDispatcherServlet: FrameworkServlet '': initialization started
08/Sep/2015 15:06:15,073- TestDispatcherServlet: FrameworkServlet '': initialization completed in 11 ms
08/Sep/2015 15:06:15,155- SqlExceptionHelper: SQL Error: 0, SQLState: 3D000
08/Sep/2015 15:06:15,155- SqlExceptionHelper: FATAL: database "test" does not exist
08/Sep/2015 15:06:15,166- WebTestContextBootstrapper: Loaded default TestExecutionListener class names from location [META-INF/spring.factories]: [org.springframework.test.context.web.ServletTestExecutionListener, org.springframework.test.context.support.DependencyInjectionTestExecutionListener, org.springframework.test.context.support.DirtiesContextTestExecutionListener, org.springframework.test.context.transaction.TransactionalTestExecutionListener, org.springframework.test.context.jdbc.SqlScriptsTestExecutionListener]
08/Sep/2015 15:06:15,167- WebTestContextBootstrapper: Using TestExecutionListeners: [org.springframework.test.context.web.ServletTestExecutionListener@659c68b0, org.springframework.test.context.support.DependencyInjectionTestExecutionListener@7f9d2eed, org.springframework.test.context.support.DirtiesContextTestExecutionListener@28740b0f, org.springframework.test.context.transaction.TransactionalTestExecutionListener@5a821a88, org.springframework.test.context.jdbc.SqlScriptsTestExecutionListener@139c0524]
08/Sep/2015 15:06:15,172- MockServletContext: Initializing Spring FrameworkServlet ''
08/Sep/2015 15:06:15,172- TestDispatcherServlet: FrameworkServlet '': initialization started
08/Sep/2015 15:06:15,174- TestDispatcherServlet: FrameworkServlet '': initialization completed in 2 ms
08/Sep/2015 15:06:15,249- PostfixedApplicationResource: No supported matching language for locale "ua". Using file:/C:/Users/vkokhtc/git/Ch-032/src/main/webapp/WEB-INF/tiles/tiles_ua.xml as a non-localized resource path. see TILES-571
08/Sep/2015 15:06:15,310- DefaultTestContextBootstrapper: Loaded default TestExecutionListener class names from location [META-INF/spring.factories]: [org.springframework.test.context.web.ServletTestExecutionListener, org.springframework.test.context.support.DependencyInjectionTestExecutionListener, org.springframework.test.context.support.DirtiesContextTestExecutionListener, org.springframework.test.context.transaction.TransactionalTestExecutionListener, org.springframework.test.context.jdbc.SqlScriptsTestExecutionListener]
08/Sep/2015 15:06:15,311- DefaultTestContextBootstrapper: Using TestExecutionListeners: [org.springframework.test.context.web.ServletTestExecutionListener@9b16eba, org.springframework.test.context.support.DependencyInjectionTestExecutionListener@5fdc7a4e, org.springframework.test.context.support.DirtiesContextTestExecutionListener@3e1c80d, org.springframework.test.context.transaction.TransactionalTestExecutionListener@5c14cf78, org.springframework.test.context.jdbc.SqlScriptsTestExecutionListener@5a40fe82]
08/Sep/2015 15:06:15,313- XmlBeanDefinitionReader: Loading XML bean definitions from class path resource [unit-test-context/test-context.xml]
08/Sep/2015 15:06:15,383- DefaultListableBeanFactory: Overriding bean definition for bean 'userAccountService': replacing [Generic bean: class [com.softserveinc.orphanagemenu.service.UserAccountServiceImpl]; scope=singleton; abstract=false; lazyInit=false; autowireMode=0; dependencyCheck=0; autowireCandidate=true; primary=false; factoryBeanName=null; factoryMethodName=null; initMethodName=null; destroyMethodName=null; defined in file [C:\Users\vkokhtc\git\Ch-032\target\classes\com\softserveinc\orphanagemenu\service\UserAccountServiceImpl.class]] with [Generic bean: class [org.mockito.Mockito]; scope=; abstract=false; lazyInit=false; autowireMode=0; dependencyCheck=0; autowireCandidate=true; primary=false; factoryBeanName=null; factoryMethodName=mock; initMethodName=null; destroyMethodName=null; defined in class path resource [unit-test-context/test-context.xml]]
08/Sep/2015 15:06:15,384- GenericApplicationContext: Refreshing org.springframework.context.support.GenericApplicationContext@61053718: startup date [Tue Sep 08 15:06:15 EEST 2015]; root of context hierarchy
08/Sep/2015 15:06:15,431- DriverManagerDataSource: Loaded JDBC driver: org.postgresql.Driver
08/Sep/2015 15:06:15,438- LocalContainerEntityManagerFactoryBean: Building JPA container EntityManagerFactory for persistence unit 'orphanagemenuPU'
08/Sep/2015 15:06:15,438- LogHelper: HHH000204: Processing PersistenceUnitInfo [
	name: orphanagemenuPU
	...]
08/Sep/2015 15:06:15,479- JdbcServicesImpl: HHH000342: Could not obtain connection to query metadata : FATAL: database "test" does not exist
08/Sep/2015 15:06:15,480- Dialect: HHH000400: Using dialect: org.hibernate.dialect.PostgreSQLDialect
08/Sep/2015 15:06:15,480- LobCreatorBuilder: HHH000422: Disabling contextual LOB creation as connection was null
08/Sep/2015 15:06:15,502- ASTQueryTranslatorFactory: HHH000397: Using ASTQueryTranslatorFactory
08/Sep/2015 15:06:15,602- EntityManagerFactoryRegistry: HHH000436: Entity manager factory name (orphanagemenuPU) is already registered.  If entity manager will be clustered or passivated, specify a unique value for property 'hibernate.ejb.entitymanager_factory_name'
08/Sep/2015 15:06:15,685- SqlExceptionHelper: SQL Error: 0, SQLState: 3D000
08/Sep/2015 15:06:15,686- SqlExceptionHelper: FATAL: database "test" does not exist
08/Sep/2015 15:06:57,735- DefaultTestContextBootstrapper: Loaded default TestExecutionListener class names from location [META-INF/spring.factories]: [org.springframework.test.context.web.ServletTestExecutionListener, org.springframework.test.context.support.DependencyInjectionTestExecutionListener, org.springframework.test.context.support.DirtiesContextTestExecutionListener, org.springframework.test.context.transaction.TransactionalTestExecutionListener, org.springframework.test.context.jdbc.SqlScriptsTestExecutionListener]
08/Sep/2015 15:06:57,735- DefaultTestContextBootstrapper: Using TestExecutionListeners: [org.springframework.test.context.web.ServletTestExecutionListener@4da88757, org.springframework.test.context.support.DependencyInjectionTestExecutionListener@734d8895, org.springframework.test.context.support.DirtiesContextTestExecutionListener@67422956, org.springframework.test.context.transaction.TransactionalTestExecutionListener@28a80210, org.springframework.test.context.jdbc.SqlScriptsTestExecutionListener@2e1f7d4a]
08/Sep/2015 15:06:57,789- GenericWebApplicationContext: Closing org.springframework.web.context.support.GenericWebApplicationContext@705ffe55: startup date [Tue Sep 08 15:06:12 EEST 2015]; root of context hierarchy
08/Sep/2015 15:06:57,790- GenericApplicationContext: Closing org.springframework.context.support.GenericApplicationContext@61053718: startup date [Tue Sep 08 15:06:15 EEST 2015]; root of context hierarchy
08/Sep/2015 15:06:57,791- TilesAccess: Removing TilesContext for context: org.springframework.web.servlet.view.tiles3.SpringWildcardServletTilesApplicationContext
