[ERROR] 2015-07-05 13:38:41.108 [main] Menu - error
[DEBUG] 2015-07-05 13:38:41.112 [main] Menu - debug
[DEBUG] 2015-07-05 13:38:41.197 [main] Database - Start to add dish
[ERROR] 2015-07-05 13:38:41.198 [main] Database - addDish
java.lang.NullPointerException
	at com.menu.Database.addDish(Database.java:84) [main/:?]
	at com.menu.Menu.main(Menu.java:71) [main/:?]
	at sun.reflect.NativeMethodAccessorImpl.invoke0(Native Method) ~[?:1.7.0_79]
	at sun.reflect.NativeMethodAccessorImpl.invoke(NativeMethodAccessorImpl.java:57) ~[?:1.7.0_79]
	at sun.reflect.DelegatingMethodAccessorImpl.invoke(DelegatingMethodAccessorImpl.java:43) ~[?:1.7.0_79]
	at java.lang.reflect.Method.invoke(Method.java:606) ~[?:1.7.0_79]
	at com.intellij.rt.execution.application.AppMain.main(AppMain.java:140) [idea_rt.jar:?]
[ERROR] 2015-07-05 13:49:50.606 [main] Menu - error
[DEBUG] 2015-07-05 13:49:50.626 [main] Menu - debug
[DEBUG] 2015-07-05 13:49:50.645 [main] Database - Start to add dish
[ERROR] 2015-07-05 13:49:50.646 [main] Database - addDish
java.lang.NullPointerException
	at com.menu.Database.addDish(Database.java:84) [main/:?]
	at com.menu.Menu.main(Menu.java:71) [main/:?]
	at sun.reflect.NativeMethodAccessorImpl.invoke0(Native Method) ~[?:1.7.0_79]
	at sun.reflect.NativeMethodAccessorImpl.invoke(NativeMethodAccessorImpl.java:57) ~[?:1.7.0_79]
	at sun.reflect.DelegatingMethodAccessorImpl.invoke(DelegatingMethodAccessorImpl.java:43) ~[?:1.7.0_79]
	at java.lang.reflect.Method.invoke(Method.java:606) ~[?:1.7.0_79]
	at com.intellij.rt.execution.application.AppMain.main(AppMain.java:140) [idea_rt.jar:?]
[ERROR] 2015-07-05 13:54:08.104 [main] Menu - error
[DEBUG] 2015-07-05 13:54:08.113 [main] Menu - debug
[DEBUG] 2015-07-05 13:54:08.144 [main] Database - Start to add dish
[ERROR] 2015-07-05 13:54:08.145 [main] Database - addDish
java.lang.NullPointerException
	at com.menu.Database.addDish(Database.java:84) [main/:?]
	at com.menu.Menu.main(Menu.java:71) [main/:?]
	at sun.reflect.NativeMethodAccessorImpl.invoke0(Native Method) ~[?:1.7.0_79]
	at sun.reflect.NativeMethodAccessorImpl.invoke(NativeMethodAccessorImpl.java:57) ~[?:1.7.0_79]
	at sun.reflect.DelegatingMethodAccessorImpl.invoke(DelegatingMethodAccessorImpl.java:43) ~[?:1.7.0_79]
	at java.lang.reflect.Method.invoke(Method.java:606) ~[?:1.7.0_79]
	at com.intellij.rt.execution.application.AppMain.main(AppMain.java:140) [idea_rt.jar:?]
[ERROR] 2015-07-05 14:02:24.033 [main] Menu - error
[DEBUG] 2015-07-05 14:02:24.044 [main] Menu - debug
[DEBUG] 2015-07-05 14:02:24.078 [main] Database - Start to add dish
[ERROR] 2015-07-05 14:02:24.085 [main] Database - addDish
java.lang.NullPointerException
	at com.menu.Database.addDish(Database.java:84) [main/:?]
	at com.menu.Menu.main(Menu.java:71) [main/:?]
	at sun.reflect.NativeMethodAccessorImpl.invoke0(Native Method) ~[?:1.7.0_79]
	at sun.reflect.NativeMethodAccessorImpl.invoke(NativeMethodAccessorImpl.java:57) ~[?:1.7.0_79]
	at sun.reflect.DelegatingMethodAccessorImpl.invoke(DelegatingMethodAccessorImpl.java:43) ~[?:1.7.0_79]
	at java.lang.reflect.Method.invoke(Method.java:606) ~[?:1.7.0_79]
	at com.intellij.rt.execution.application.AppMain.main(AppMain.java:140) [idea_rt.jar:?]
[ERROR] 2015-07-05 14:10:18.070 [main] Menu - error
[DEBUG] 2015-07-05 14:10:18.094 [main] Menu - debug
[DEBUG] 2015-07-05 14:10:19.331 [main] Database - Start to add dish
[ERROR] 2015-07-05 14:10:19.349 [main] Database - addDish
org.h2.jdbc.JdbcSQLException: Таблица "DISHES" не найдена
Table "DISHES" not found; SQL statement:
INSERT INTO DISHES (dName, dCategory)VALUES ('Tea',0); [42102-187]
	at org.h2.message.DbException.getJdbcSQLException(DbException.java:345) ~[h2-1.4.187.jar:1.4.187]
	at org.h2.message.DbException.get(DbException.java:179) ~[h2-1.4.187.jar:1.4.187]
	at org.h2.message.DbException.get(DbException.java:155) ~[h2-1.4.187.jar:1.4.187]
	at org.h2.command.Parser.readTableOrView(Parser.java:5261) ~[h2-1.4.187.jar:1.4.187]
	at org.h2.command.Parser.readTableOrView(Parser.java:5238) ~[h2-1.4.187.jar:1.4.187]
	at org.h2.command.Parser.parseInsert(Parser.java:1031) ~[h2-1.4.187.jar:1.4.187]
	at org.h2.command.Parser.parsePrepared(Parser.java:401) ~[h2-1.4.187.jar:1.4.187]
	at org.h2.command.Parser.parse(Parser.java:305) ~[h2-1.4.187.jar:1.4.187]
	at org.h2.command.Parser.parse(Parser.java:277) ~[h2-1.4.187.jar:1.4.187]
	at org.h2.command.Parser.prepareCommand(Parser.java:242) ~[h2-1.4.187.jar:1.4.187]
	at org.h2.engine.Session.prepareLocal(Session.java:461) ~[h2-1.4.187.jar:1.4.187]
	at org.h2.engine.Session.prepareCommand(Session.java:403) ~[h2-1.4.187.jar:1.4.187]
	at org.h2.jdbc.JdbcConnection.prepareCommand(JdbcConnection.java:1189) ~[h2-1.4.187.jar:1.4.187]
	at org.h2.jdbc.JdbcStatement.executeInternal(JdbcStatement.java:170) ~[h2-1.4.187.jar:1.4.187]
	at org.h2.jdbc.JdbcStatement.execute(JdbcStatement.java:158) ~[h2-1.4.187.jar:1.4.187]
	at com.menu.Database.addDish(Database.java:84) [main/:?]
	at com.menu.Menu.main(Menu.java:71) [main/:?]
	at sun.reflect.NativeMethodAccessorImpl.invoke0(Native Method) ~[?:1.7.0_79]
	at sun.reflect.NativeMethodAccessorImpl.invoke(NativeMethodAccessorImpl.java:57) ~[?:1.7.0_79]
	at sun.reflect.DelegatingMethodAccessorImpl.invoke(DelegatingMethodAccessorImpl.java:43) ~[?:1.7.0_79]
	at java.lang.reflect.Method.invoke(Method.java:606) ~[?:1.7.0_79]
	at com.intellij.rt.execution.application.AppMain.main(AppMain.java:140) [idea_rt.jar:?]
